<?xml version="1.0" encoding="utf-8"?><testsuites name="pytest tests"><testsuite name="pytest" errors="0" failures="0" skipped="0" tests="16" time="13.589" timestamp="2026-05-24T14:19:25.683837+00:00" hostname="agent-env-6b6cd072-ab2e-4cbc-9841-2306848e19c5"><testcase classname="test_product_catalog.TestRoot" name="test_root_endpoint" time="4.699" /><testcase classname="test_product_catalog.TestCategories" name="test_get_categories_empty_or_list" time="0.279" /><testcase classname="test_product_catalog.TestCategories" name="test_create_and_get_category" time="0.339" /><testcase classname="test_product_catalog.TestProducts" name="test_create_product" time="0.473" /><testcase classname="test_product_catalog.TestProducts" name="test_get_product_by_id" time="0.272" /><testcase classname="test_product_catalog.TestProducts" name="test_get_product_not_found" time="0.219" /><testcase classname="test_product_catalog.TestProducts" name="test_list_products" time="0.241" /><testcase classname="test_product_catalog.TestProducts" name="test_list_products_filter_category" time="0.217" /><testcase classname="test_product_catalog.TestProducts" name="test_update_product" time="0.232" /><testcase classname="test_product_catalog.TestProducts" name="test_update_product_not_found" time="0.242" /><testcase classname="test_product_catalog.TestSearch" name="test_text_search" time="0.238" /><testcase classname="test_product_catalog.TestSearch" name="test_barcode_search" time="0.217" /><testcase classname="test_product_catalog.TestSearch" name="test_barcode_search_not_found" time="0.185" /><testcase classname="test_product_catalog.TestSearch" name="test_photo_search_returns_200" time="3.581" /><testcase classname="test_product_catalog.TestZCleanup" name="test_delete_created_products" time="1.196" /><testcase classname="test_product_catalog.TestZCleanup" name="test_delete_product_not_found" time="0.511" /></testsuite></testsuites>